<?xml version="1.0" encoding="utf-8"?><testsuites><testsuite name="pytest" errors="0" failures="0" skipped="0" tests="1" time="0.123" timestamp="2022-10-22T10:00:13.147432" hostname="ip-172-31-44-201"><testcase classname="test.test_functions" name="test_with_patch" time="0.002" /></testsuite></testsuites>